2026-02-21 02:49:13,658 [INFO] Found 55 chunk files in 'data\raw\chunks'
2026-02-21 02:49:13,660 [INFO]   Loaded   100 rows from chunk_0001.csv
2026-02-21 02:49:13,696 [INFO]   Loaded   100 rows from chunk_0002.csv
2026-02-21 02:49:13,730 [INFO]   Loaded   100 rows from chunk_0003.csv
2026-02-21 02:49:13,764 [INFO]   Loaded   100 rows from chunk_0004.csv
2026-02-21 02:49:13,810 [INFO]   Loaded   100 rows from chunk_0005.csv
2026-02-21 02:49:13,842 [INFO]   Loaded   100 rows from chunk_0006.csv
2026-02-21 02:49:13,874 [INFO]   Loaded   100 rows from chunk_0007.csv
2026-02-21 02:49:13,908 [INFO]   Loaded   100 rows from chunk_0008.csv
2026-02-21 02:49:13,944 [INFO]   Loaded   100 rows from chunk_0009.csv
2026-02-21 02:49:13,978 [INFO]   Loaded   100 rows from chunk_0010.csv
2026-02-21 02:49:14,011 [INFO]   Loaded   100 rows from chunk_0011.csv
2026-02-21 02:49:14,046 [INFO]   Loaded   100 rows from chunk_0012.csv
2026-02-21 02:49:14,078 [INFO]   Loaded   100 rows from chunk_0013.csv
2026-02-21 02:49:14,109 [INFO]   Loaded   100 rows from chunk_0014.csv
2026-02-21 02:49:14,142 [INFO]   Loaded   100 rows from chunk_0015.csv
2026-02-21 02:49:14,173 [INFO]   Loaded   100 rows from chunk_0016.csv
2026-02-21 02:49:14,205 [INFO]   Loaded   100 rows from chunk_0017.csv
2026-02-21 02:49:14,239 [INFO]   Loaded   100 rows from chunk_0018.csv
2026-02-21 02:49:14,274 [INFO]   Loaded   100 rows from chunk_0019.csv
2026-02-21 02:49:14,306 [INFO]   Loaded   100 rows from chunk_0020.csv
2026-02-21 02:49:14,339 [INFO]   Loaded   100 rows from chunk_0021.csv
2026-02-21 02:49:14,372 [INFO]   Loaded   100 rows from chunk_0022.csv
2026-02-21 02:49:14,406 [INFO]   Loaded   100 rows from chunk_0023.csv
2026-02-21 02:49:14,438 [INFO]   Loaded   100 rows from chunk_0024.csv
2026-02-21 02:49:14,470 [INFO]   Loaded   100 rows from chunk_0025.csv
2026-02-21 02:49:14,502 [INFO]   Loaded   100 rows from chunk_0026.csv
2026-02-21 02:49:14,536 [INFO]   Loaded   100 rows from chunk_0027.csv
2026-02-21 02:49:14,570 [INFO]   Loaded   100 rows from chunk_0028.csv
2026-02-21 02:49:14,604 [INFO]   Loaded   100 rows from chunk_0029.csv
2026-02-21 02:49:14,637 [INFO]   Loaded   100 rows from chunk_0030.csv
2026-02-21 02:49:14,669 [INFO]   Loaded   100 rows from chunk_0031.csv
2026-02-21 02:49:14,702 [INFO]   Loaded   100 rows from chunk_0032.csv
2026-02-21 02:49:14,735 [INFO]   Loaded   100 rows from chunk_0033.csv
2026-02-21 02:49:14,770 [INFO]   Loaded   100 rows from chunk_0034.csv
2026-02-21 02:49:14,803 [INFO]   Loaded   100 rows from chunk_0035.csv
2026-02-21 02:49:14,836 [INFO]   Loaded   100 rows from chunk_0036.csv
2026-02-21 02:49:14,870 [INFO]   Loaded   100 rows from chunk_0037.csv
2026-02-21 02:49:14,904 [INFO]   Loaded   100 rows from chunk_0038.csv
2026-02-21 02:49:14,937 [INFO]   Loaded   100 rows from chunk_0039.csv
2026-02-21 02:49:14,969 [INFO]   Loaded   100 rows from chunk_0040.csv
2026-02-21 02:49:14,998 [INFO]   Loaded   100 rows from chunk_0041.csv
2026-02-21 02:49:15,030 [INFO]   Loaded   100 rows from chunk_0042.csv
2026-02-21 02:49:15,059 [INFO]   Loaded   100 rows from chunk_0043.csv
2026-02-21 02:49:15,092 [INFO]   Loaded   100 rows from chunk_0044.csv
2026-02-21 02:49:15,123 [INFO]   Loaded   100 rows from chunk_0045.csv
2026-02-21 02:49:15,153 [INFO]   Loaded   100 rows from chunk_0046.csv
2026-02-21 02:49:15,186 [INFO]   Loaded   100 rows from chunk_0047.csv
2026-02-21 02:49:15,220 [INFO]   Loaded   100 rows from chunk_0048.csv
2026-02-21 02:49:15,253 [INFO]   Loaded   100 rows from chunk_0049.csv
2026-02-21 02:49:15,286 [INFO]   Loaded   100 rows from chunk_0050.csv
2026-02-21 02:49:15,320 [INFO]   Loaded   100 rows from chunk_0051.csv
2026-02-21 02:49:15,353 [INFO]   Loaded   100 rows from chunk_0052.csv
2026-02-21 02:49:15,387 [INFO]   Loaded   100 rows from chunk_0053.csv
2026-02-21 02:49:15,420 [INFO]   Loaded   100 rows from chunk_0054.csv
2026-02-21 02:49:15,449 [INFO]   Loaded   100 rows from chunk_0055.csv
2026-02-21 02:49:15,453 [INFO] Total rows before deduplication: 5,500
2026-02-21 02:49:15,472 [INFO] Duplicates removed : 599
2026-02-21 02:49:15,472 [INFO] Final record count : 4,901
2026-02-21 02:49:15,472 [INFO] Output saved to    : data\raw\mobile_data_raw.csv
2026-02-21 03:11:09,093 [INFO] Found 64 chunk files in 'data\raw\chunks'
2026-02-21 03:11:09,095 [INFO]   Loaded   100 rows from chunk_0001.csv
2026-02-21 03:11:09,096 [INFO]   Loaded   100 rows from chunk_0002.csv
2026-02-21 03:11:09,097 [INFO]   Loaded   100 rows from chunk_0003.csv
2026-02-21 03:11:09,098 [INFO]   Loaded   100 rows from chunk_0004.csv
2026-02-21 03:11:09,099 [INFO]   Loaded   100 rows from chunk_0005.csv
2026-02-21 03:11:09,100 [INFO]   Loaded   100 rows from chunk_0006.csv
2026-02-21 03:11:09,101 [INFO]   Loaded   100 rows from chunk_0007.csv
2026-02-21 03:11:09,102 [INFO]   Loaded   100 rows from chunk_0008.csv
2026-02-21 03:11:09,103 [INFO]   Loaded   100 rows from chunk_0009.csv
2026-02-21 03:11:09,104 [INFO]   Loaded   100 rows from chunk_0010.csv
2026-02-21 03:11:09,106 [INFO]   Loaded   100 rows from chunk_0011.csv
2026-02-21 03:11:09,107 [INFO]   Loaded   100 rows from chunk_0012.csv
2026-02-21 03:11:09,108 [INFO]   Loaded   100 rows from chunk_0013.csv
2026-02-21 03:11:09,109 [INFO]   Loaded   100 rows from chunk_0014.csv
2026-02-21 03:11:09,110 [INFO]   Loaded   100 rows from chunk_0015.csv
2026-02-21 03:11:09,111 [INFO]   Loaded   100 rows from chunk_0016.csv
2026-02-21 03:11:09,113 [INFO]   Loaded   100 rows from chunk_0017.csv
2026-02-21 03:11:09,114 [INFO]   Loaded   100 rows from chunk_0018.csv
2026-02-21 03:11:09,115 [INFO]   Loaded   100 rows from chunk_0019.csv
2026-02-21 03:11:09,116 [INFO]   Loaded   100 rows from chunk_0020.csv
2026-02-21 03:11:09,117 [INFO]   Loaded   100 rows from chunk_0021.csv
2026-02-21 03:11:09,118 [INFO]   Loaded   100 rows from chunk_0022.csv
2026-02-21 03:11:09,119 [INFO]   Loaded   100 rows from chunk_0023.csv
2026-02-21 03:11:09,120 [INFO]   Loaded   100 rows from chunk_0024.csv
2026-02-21 03:11:09,122 [INFO]   Loaded   100 rows from chunk_0025.csv
2026-02-21 03:11:09,124 [INFO]   Loaded   100 rows from chunk_0026.csv
2026-02-21 03:11:09,125 [INFO]   Loaded   100 rows from chunk_0027.csv
2026-02-21 03:11:09,126 [INFO]   Loaded   100 rows from chunk_0028.csv
2026-02-21 03:11:09,127 [INFO]   Loaded   100 rows from chunk_0029.csv
2026-02-21 03:11:09,128 [INFO]   Loaded   100 rows from chunk_0030.csv
2026-02-21 03:11:09,129 [INFO]   Loaded   100 rows from chunk_0031.csv
2026-02-21 03:11:09,130 [INFO]   Loaded   100 rows from chunk_0032.csv
2026-02-21 03:11:09,131 [INFO]   Loaded   100 rows from chunk_0033.csv
2026-02-21 03:11:09,132 [INFO]   Loaded   100 rows from chunk_0034.csv
2026-02-21 03:11:09,133 [INFO]   Loaded   100 rows from chunk_0035.csv
2026-02-21 03:11:09,134 [INFO]   Loaded   100 rows from chunk_0036.csv
2026-02-21 03:11:09,134 [INFO]   Loaded   100 rows from chunk_0037.csv
2026-02-21 03:11:09,135 [INFO]   Loaded   100 rows from chunk_0038.csv
2026-02-21 03:11:09,138 [INFO]   Loaded   100 rows from chunk_0039.csv
2026-02-21 03:11:09,139 [INFO]   Loaded   100 rows from chunk_0040.csv
2026-02-21 03:11:09,140 [INFO]   Loaded   100 rows from chunk_0041.csv
2026-02-21 03:11:09,141 [INFO]   Loaded   100 rows from chunk_0042.csv
2026-02-21 03:11:09,142 [INFO]   Loaded   100 rows from chunk_0043.csv
2026-02-21 03:11:09,143 [INFO]   Loaded   100 rows from chunk_0044.csv
2026-02-21 03:11:09,144 [INFO]   Loaded   100 rows from chunk_0045.csv
2026-02-21 03:11:09,145 [INFO]   Loaded   100 rows from chunk_0046.csv
2026-02-21 03:11:09,146 [INFO]   Loaded   100 rows from chunk_0047.csv
2026-02-21 03:11:09,147 [INFO]   Loaded   100 rows from chunk_0048.csv
2026-02-21 03:11:09,148 [INFO]   Loaded   100 rows from chunk_0049.csv
2026-02-21 03:11:09,149 [INFO]   Loaded   100 rows from chunk_0050.csv
2026-02-21 03:11:09,150 [INFO]   Loaded   100 rows from chunk_0051.csv
2026-02-21 03:11:09,151 [INFO]   Loaded   100 rows from chunk_0052.csv
2026-02-21 03:11:09,152 [INFO]   Loaded   100 rows from chunk_0053.csv
2026-02-21 03:11:09,153 [INFO]   Loaded   100 rows from chunk_0054.csv
2026-02-21 03:11:09,153 [INFO]   Loaded   100 rows from chunk_0055.csv
2026-02-21 03:11:09,187 [INFO]   Loaded   100 rows from chunk_0057.csv
2026-02-21 03:11:09,218 [INFO]   Loaded   100 rows from chunk_0058.csv
2026-02-21 03:11:09,249 [INFO]   Loaded   100 rows from chunk_0059.csv
2026-02-21 03:11:09,281 [INFO]   Loaded   100 rows from chunk_0060.csv
2026-02-21 03:11:09,311 [INFO]   Loaded   100 rows from chunk_0061.csv
2026-02-21 03:11:09,341 [INFO]   Loaded   100 rows from chunk_0062.csv
2026-02-21 03:11:09,371 [INFO]   Loaded   100 rows from chunk_0063.csv
2026-02-21 03:11:09,402 [INFO]   Loaded   100 rows from chunk_0064.csv
2026-02-21 03:11:09,432 [INFO]   Loaded   100 rows from chunk_0065.csv
2026-02-21 03:11:09,436 [INFO] Total rows before deduplication: 6,400
2026-02-21 03:11:09,454 [INFO] Duplicates removed : 1,389
2026-02-21 03:11:09,454 [INFO] Final record count : 5,011
2026-02-21 03:11:09,454 [INFO] Output saved to    : data\raw\mobile_data_raw.csv
2026-02-21 03:31:37,412 [INFO] Found 99 chunk files in 'data\raw\chunks'
2026-02-21 03:31:37,414 [INFO]   Loaded   100 rows from chunk_0001.csv
2026-02-21 03:31:37,415 [INFO]   Loaded   100 rows from chunk_0002.csv
2026-02-21 03:31:37,416 [INFO]   Loaded   100 rows from chunk_0003.csv
2026-02-21 03:31:37,416 [INFO]   Loaded   100 rows from chunk_0004.csv
2026-02-21 03:31:37,417 [INFO]   Loaded   100 rows from chunk_0005.csv
2026-02-21 03:31:37,418 [INFO]   Loaded   100 rows from chunk_0006.csv
2026-02-21 03:31:37,419 [INFO]   Loaded   100 rows from chunk_0007.csv
2026-02-21 03:31:37,420 [INFO]   Loaded   100 rows from chunk_0008.csv
2026-02-21 03:31:37,421 [INFO]   Loaded   100 rows from chunk_0009.csv
2026-02-21 03:31:37,422 [INFO]   Loaded   100 rows from chunk_0010.csv
2026-02-21 03:31:37,423 [INFO]   Loaded   100 rows from chunk_0011.csv
2026-02-21 03:31:37,423 [INFO]   Loaded   100 rows from chunk_0012.csv
2026-02-21 03:31:37,424 [INFO]   Loaded   100 rows from chunk_0013.csv
2026-02-21 03:31:37,425 [INFO]   Loaded   100 rows from chunk_0014.csv
2026-02-21 03:31:37,426 [INFO]   Loaded   100 rows from chunk_0015.csv
2026-02-21 03:31:37,427 [INFO]   Loaded   100 rows from chunk_0016.csv
2026-02-21 03:31:37,429 [INFO]   Loaded   100 rows from chunk_0017.csv
2026-02-21 03:31:37,430 [INFO]   Loaded   100 rows from chunk_0018.csv
2026-02-21 03:31:37,431 [INFO]   Loaded   100 rows from chunk_0019.csv
2026-02-21 03:31:37,432 [INFO]   Loaded   100 rows from chunk_0020.csv
2026-02-21 03:31:37,433 [INFO]   Loaded   100 rows from chunk_0021.csv
2026-02-21 03:31:37,434 [INFO]   Loaded   100 rows from chunk_0022.csv
2026-02-21 03:31:37,435 [INFO]   Loaded   100 rows from chunk_0023.csv
2026-02-21 03:31:37,436 [INFO]   Loaded   100 rows from chunk_0024.csv
2026-02-21 03:31:37,437 [INFO]   Loaded   100 rows from chunk_0025.csv
2026-02-21 03:31:37,438 [INFO]   Loaded   100 rows from chunk_0026.csv
2026-02-21 03:31:37,439 [INFO]   Loaded   100 rows from chunk_0027.csv
2026-02-21 03:31:37,440 [INFO]   Loaded   100 rows from chunk_0028.csv
2026-02-21 03:31:37,440 [INFO]   Loaded   100 rows from chunk_0029.csv
2026-02-21 03:31:37,441 [INFO]   Loaded   100 rows from chunk_0030.csv
2026-02-21 03:31:37,442 [INFO]   Loaded   100 rows from chunk_0031.csv
2026-02-21 03:31:37,443 [INFO]   Loaded   100 rows from chunk_0032.csv
2026-02-21 03:31:37,444 [INFO]   Loaded   100 rows from chunk_0033.csv
2026-02-21 03:31:37,445 [INFO]   Loaded   100 rows from chunk_0034.csv
2026-02-21 03:31:37,446 [INFO]   Loaded   100 rows from chunk_0035.csv
2026-02-21 03:31:37,447 [INFO]   Loaded   100 rows from chunk_0036.csv
2026-02-21 03:31:37,448 [INFO]   Loaded   100 rows from chunk_0037.csv
2026-02-21 03:31:37,449 [INFO]   Loaded   100 rows from chunk_0038.csv
2026-02-21 03:31:37,450 [INFO]   Loaded   100 rows from chunk_0039.csv
2026-02-21 03:31:37,451 [INFO]   Loaded   100 rows from chunk_0040.csv
2026-02-21 03:31:37,452 [INFO]   Loaded   100 rows from chunk_0041.csv
2026-02-21 03:31:37,453 [INFO]   Loaded   100 rows from chunk_0042.csv
2026-02-21 03:31:37,454 [INFO]   Loaded   100 rows from chunk_0043.csv
2026-02-21 03:31:37,455 [INFO]   Loaded   100 rows from chunk_0044.csv
2026-02-21 03:31:37,456 [INFO]   Loaded   100 rows from chunk_0045.csv
2026-02-21 03:31:37,457 [INFO]   Loaded   100 rows from chunk_0046.csv
2026-02-21 03:31:37,458 [INFO]   Loaded   100 rows from chunk_0047.csv
2026-02-21 03:31:37,459 [INFO]   Loaded   100 rows from chunk_0048.csv
2026-02-21 03:31:37,460 [INFO]   Loaded   100 rows from chunk_0049.csv
2026-02-21 03:31:37,460 [INFO]   Loaded   100 rows from chunk_0050.csv
2026-02-21 03:31:37,462 [INFO]   Loaded   100 rows from chunk_0051.csv
2026-02-21 03:31:37,463 [INFO]   Loaded   100 rows from chunk_0052.csv
2026-02-21 03:31:37,464 [INFO]   Loaded   100 rows from chunk_0053.csv
2026-02-21 03:31:37,465 [INFO]   Loaded   100 rows from chunk_0054.csv
2026-02-21 03:31:37,466 [INFO]   Loaded   100 rows from chunk_0055.csv
2026-02-21 03:31:37,467 [INFO]   Loaded   100 rows from chunk_0057.csv
2026-02-21 03:31:37,468 [INFO]   Loaded   100 rows from chunk_0058.csv
2026-02-21 03:31:37,469 [INFO]   Loaded   100 rows from chunk_0059.csv
2026-02-21 03:31:37,470 [INFO]   Loaded   100 rows from chunk_0060.csv
2026-02-21 03:31:37,471 [INFO]   Loaded   100 rows from chunk_0061.csv
2026-02-21 03:31:37,472 [INFO]   Loaded   100 rows from chunk_0062.csv
2026-02-21 03:31:37,473 [INFO]   Loaded   100 rows from chunk_0063.csv
2026-02-21 03:31:37,474 [INFO]   Loaded   100 rows from chunk_0064.csv
2026-02-21 03:31:37,474 [INFO]   Loaded   100 rows from chunk_0065.csv
2026-02-21 03:31:37,507 [INFO]   Loaded   100 rows from chunk_0066.csv
2026-02-21 03:31:37,536 [INFO]   Loaded   100 rows from chunk_0067.csv
2026-02-21 03:31:37,568 [INFO]   Loaded   100 rows from chunk_0068.csv
2026-02-21 03:31:37,598 [INFO]   Loaded   100 rows from chunk_0069.csv
2026-02-21 03:31:37,632 [INFO]   Loaded   100 rows from chunk_0070.csv
2026-02-21 03:31:37,665 [INFO]   Loaded   100 rows from chunk_0071.csv
2026-02-21 03:31:37,696 [INFO]   Loaded   100 rows from chunk_0072.csv
2026-02-21 03:31:37,726 [INFO]   Loaded   100 rows from chunk_0073.csv
2026-02-21 03:31:37,757 [INFO]   Loaded   100 rows from chunk_0074.csv
2026-02-21 03:31:37,786 [INFO]   Loaded   100 rows from chunk_0075.csv
2026-02-21 03:31:37,816 [INFO]   Loaded   100 rows from chunk_0076.csv
2026-02-21 03:31:37,845 [INFO]   Loaded   100 rows from chunk_0077.csv
2026-02-21 03:31:37,876 [INFO]   Loaded   100 rows from chunk_0078.csv
2026-02-21 03:31:37,906 [INFO]   Loaded   100 rows from chunk_0079.csv
2026-02-21 03:31:37,939 [INFO]   Loaded   100 rows from chunk_0080.csv
2026-02-21 03:31:37,966 [INFO]   Loaded   100 rows from chunk_0081.csv
2026-02-21 03:31:37,998 [INFO]   Loaded   100 rows from chunk_0082.csv
2026-02-21 03:31:38,032 [INFO]   Loaded   100 rows from chunk_0083.csv
2026-02-21 03:31:38,062 [INFO]   Loaded   100 rows from chunk_0084.csv
2026-02-21 03:31:38,091 [INFO]   Loaded   100 rows from chunk_0085.csv
2026-02-21 03:31:38,121 [INFO]   Loaded   100 rows from chunk_0086.csv
2026-02-21 03:31:38,150 [INFO]   Loaded   100 rows from chunk_0087.csv
2026-02-21 03:31:38,178 [INFO]   Loaded   100 rows from chunk_0088.csv
2026-02-21 03:31:38,207 [INFO]   Loaded   100 rows from chunk_0089.csv
2026-02-21 03:31:38,234 [INFO]   Loaded   100 rows from chunk_0090.csv
2026-02-21 03:31:38,266 [INFO]   Loaded   100 rows from chunk_0091.csv
2026-02-21 03:31:38,295 [INFO]   Loaded   100 rows from chunk_0092.csv
2026-02-21 03:31:38,326 [INFO]   Loaded   100 rows from chunk_0093.csv
2026-02-21 03:31:38,361 [INFO]   Loaded   100 rows from chunk_0094.csv
2026-02-21 03:31:38,393 [INFO]   Loaded   100 rows from chunk_0095.csv
2026-02-21 03:31:38,424 [INFO]   Loaded   100 rows from chunk_0096.csv
2026-02-21 03:31:38,461 [INFO]   Loaded   100 rows from chunk_0097.csv
2026-02-21 03:31:38,498 [INFO]   Loaded   100 rows from chunk_0098.csv
2026-02-21 03:31:38,534 [INFO]   Loaded   100 rows from chunk_0099.csv
2026-02-21 03:31:38,565 [INFO]   Loaded   100 rows from chunk_0100.csv
2026-02-21 03:31:38,571 [INFO] Total rows before deduplication: 9,900
2026-02-21 03:31:38,597 [INFO] Duplicates removed : 4,873
2026-02-21 03:31:38,598 [INFO] Final record count : 5,027
2026-02-21 03:31:38,598 [INFO] Output saved to    : data\raw\mobile_data_raw.csv
2026-02-21 10:18:03,806 [INFO] Found 99 chunk files in 'data\raw\chunks'
2026-02-21 10:18:03,809 [INFO]   Loaded   100 rows from chunk_0001.csv
2026-02-21 10:18:03,811 [INFO]   Loaded   100 rows from chunk_0002.csv
2026-02-21 10:18:03,817 [INFO]   Loaded   100 rows from chunk_0003.csv
2026-02-21 10:18:03,822 [INFO]   Loaded   100 rows from chunk_0004.csv
2026-02-21 10:18:03,824 [INFO]   Loaded   100 rows from chunk_0005.csv
2026-02-21 10:18:03,826 [INFO]   Loaded   100 rows from chunk_0006.csv
2026-02-21 10:18:03,829 [INFO]   Loaded   100 rows from chunk_0007.csv
2026-02-21 10:18:03,830 [INFO]   Loaded   100 rows from chunk_0008.csv
2026-02-21 10:18:03,832 [INFO]   Loaded   100 rows from chunk_0009.csv
2026-02-21 10:18:03,835 [INFO]   Loaded   100 rows from chunk_0010.csv
2026-02-21 10:18:03,837 [INFO]   Loaded   100 rows from chunk_0011.csv
2026-02-21 10:18:03,839 [INFO]   Loaded   100 rows from chunk_0012.csv
2026-02-21 10:18:03,841 [INFO]   Loaded   100 rows from chunk_0013.csv
2026-02-21 10:18:03,842 [INFO]   Loaded   100 rows from chunk_0014.csv
2026-02-21 10:18:03,843 [INFO]   Loaded   100 rows from chunk_0015.csv
2026-02-21 10:18:03,845 [INFO]   Loaded   100 rows from chunk_0016.csv
2026-02-21 10:18:03,846 [INFO]   Loaded   100 rows from chunk_0017.csv
2026-02-21 10:18:03,847 [INFO]   Loaded   100 rows from chunk_0018.csv
2026-02-21 10:18:03,849 [INFO]   Loaded   100 rows from chunk_0019.csv
2026-02-21 10:18:03,850 [INFO]   Loaded   100 rows from chunk_0020.csv
2026-02-21 10:18:03,851 [INFO]   Loaded   100 rows from chunk_0021.csv
2026-02-21 10:18:03,852 [INFO]   Loaded   100 rows from chunk_0022.csv
2026-02-21 10:18:03,854 [INFO]   Loaded   100 rows from chunk_0023.csv
2026-02-21 10:18:03,856 [INFO]   Loaded   100 rows from chunk_0024.csv
2026-02-21 10:18:03,858 [INFO]   Loaded   100 rows from chunk_0025.csv
2026-02-21 10:18:03,859 [INFO]   Loaded   100 rows from chunk_0026.csv
2026-02-21 10:18:03,860 [INFO]   Loaded   100 rows from chunk_0027.csv
2026-02-21 10:18:03,862 [INFO]   Loaded   100 rows from chunk_0028.csv
2026-02-21 10:18:03,863 [INFO]   Loaded   100 rows from chunk_0029.csv
2026-02-21 10:18:03,864 [INFO]   Loaded   100 rows from chunk_0030.csv
2026-02-21 10:18:03,865 [INFO]   Loaded   100 rows from chunk_0031.csv
2026-02-21 10:18:03,867 [INFO]   Loaded   100 rows from chunk_0032.csv
2026-02-21 10:18:03,868 [INFO]   Loaded   100 rows from chunk_0033.csv
2026-02-21 10:18:03,869 [INFO]   Loaded   100 rows from chunk_0034.csv
2026-02-21 10:18:03,870 [INFO]   Loaded   100 rows from chunk_0035.csv
2026-02-21 10:18:03,873 [INFO]   Loaded   100 rows from chunk_0036.csv
2026-02-21 10:18:03,874 [INFO]   Loaded   100 rows from chunk_0037.csv
2026-02-21 10:18:03,875 [INFO]   Loaded   100 rows from chunk_0038.csv
2026-02-21 10:18:03,877 [INFO]   Loaded   100 rows from chunk_0039.csv
2026-02-21 10:18:03,878 [INFO]   Loaded   100 rows from chunk_0040.csv
2026-02-21 10:18:03,879 [INFO]   Loaded   100 rows from chunk_0041.csv
2026-02-21 10:18:03,880 [INFO]   Loaded   100 rows from chunk_0042.csv
2026-02-21 10:18:03,881 [INFO]   Loaded   100 rows from chunk_0043.csv
2026-02-21 10:18:03,883 [INFO]   Loaded   100 rows from chunk_0044.csv
2026-02-21 10:18:03,884 [INFO]   Loaded   100 rows from chunk_0045.csv
2026-02-21 10:18:03,885 [INFO]   Loaded   100 rows from chunk_0046.csv
2026-02-21 10:18:03,886 [INFO]   Loaded   100 rows from chunk_0047.csv
2026-02-21 10:18:03,888 [INFO]   Loaded   100 rows from chunk_0048.csv
2026-02-21 10:18:03,890 [INFO]   Loaded   100 rows from chunk_0049.csv
2026-02-21 10:18:03,891 [INFO]   Loaded   100 rows from chunk_0050.csv
2026-02-21 10:18:03,893 [INFO]   Loaded   100 rows from chunk_0051.csv
2026-02-21 10:18:03,894 [INFO]   Loaded   100 rows from chunk_0052.csv
2026-02-21 10:18:03,895 [INFO]   Loaded   100 rows from chunk_0053.csv
2026-02-21 10:18:03,896 [INFO]   Loaded   100 rows from chunk_0054.csv
2026-02-21 10:18:03,898 [INFO]   Loaded   100 rows from chunk_0055.csv
2026-02-21 10:18:03,899 [INFO]   Loaded   100 rows from chunk_0057.csv
2026-02-21 10:18:03,900 [INFO]   Loaded   100 rows from chunk_0058.csv
2026-02-21 10:18:03,901 [INFO]   Loaded   100 rows from chunk_0059.csv
2026-02-21 10:18:03,902 [INFO]   Loaded   100 rows from chunk_0060.csv
2026-02-21 10:18:03,903 [INFO]   Loaded   100 rows from chunk_0061.csv
2026-02-21 10:18:03,905 [INFO]   Loaded   100 rows from chunk_0062.csv
2026-02-21 10:18:03,906 [INFO]   Loaded   100 rows from chunk_0063.csv
2026-02-21 10:18:03,907 [INFO]   Loaded   100 rows from chunk_0064.csv
2026-02-21 10:18:03,908 [INFO]   Loaded   100 rows from chunk_0065.csv
2026-02-21 10:18:03,951 [INFO]   Loaded   100 rows from chunk_0066.csv
2026-02-21 10:18:03,988 [INFO]   Loaded   100 rows from chunk_0067.csv
2026-02-21 10:18:04,027 [INFO]   Loaded   100 rows from chunk_0068.csv
2026-02-21 10:18:04,062 [INFO]   Loaded   100 rows from chunk_0069.csv
2026-02-21 10:18:04,099 [INFO]   Loaded   100 rows from chunk_0070.csv
2026-02-21 10:18:04,135 [INFO]   Loaded   100 rows from chunk_0071.csv
2026-02-21 10:18:04,172 [INFO]   Loaded   100 rows from chunk_0072.csv
2026-02-21 10:18:04,210 [INFO]   Loaded   100 rows from chunk_0073.csv
2026-02-21 10:18:04,250 [INFO]   Loaded   100 rows from chunk_0074.csv
2026-02-21 10:18:04,292 [INFO]   Loaded   100 rows from chunk_0075.csv
2026-02-21 10:18:04,336 [INFO]   Loaded   100 rows from chunk_0076.csv
2026-02-21 10:18:04,394 [INFO]   Loaded   100 rows from chunk_0077.csv
2026-02-21 10:18:04,434 [INFO]   Loaded   100 rows from chunk_0078.csv
2026-02-21 10:18:04,477 [INFO]   Loaded   100 rows from chunk_0079.csv
2026-02-21 10:18:04,513 [INFO]   Loaded   100 rows from chunk_0080.csv
2026-02-21 10:18:04,548 [INFO]   Loaded   100 rows from chunk_0081.csv
2026-02-21 10:18:04,587 [INFO]   Loaded   100 rows from chunk_0082.csv
2026-02-21 10:18:04,621 [INFO]   Loaded   100 rows from chunk_0083.csv
2026-02-21 10:18:04,659 [INFO]   Loaded   100 rows from chunk_0084.csv
2026-02-21 10:18:04,696 [INFO]   Loaded   100 rows from chunk_0085.csv
2026-02-21 10:18:04,734 [INFO]   Loaded   100 rows from chunk_0086.csv
2026-02-21 10:18:04,771 [INFO]   Loaded   100 rows from chunk_0087.csv
2026-02-21 10:18:04,808 [INFO]   Loaded   100 rows from chunk_0088.csv
2026-02-21 10:18:04,840 [INFO]   Loaded   100 rows from chunk_0089.csv
2026-02-21 10:18:04,874 [INFO]   Loaded   100 rows from chunk_0090.csv
2026-02-21 10:18:04,909 [INFO]   Loaded   100 rows from chunk_0091.csv
2026-02-21 10:18:04,943 [INFO]   Loaded   100 rows from chunk_0092.csv
2026-02-21 10:18:04,981 [INFO]   Loaded   100 rows from chunk_0093.csv
2026-02-21 10:18:05,019 [INFO]   Loaded   100 rows from chunk_0094.csv
2026-02-21 10:18:05,053 [INFO]   Loaded   100 rows from chunk_0095.csv
2026-02-21 10:18:05,087 [INFO]   Loaded   100 rows from chunk_0096.csv
2026-02-21 10:18:05,133 [INFO]   Loaded   100 rows from chunk_0097.csv
2026-02-21 10:18:05,168 [INFO]   Loaded   100 rows from chunk_0098.csv
2026-02-21 10:18:05,209 [INFO]   Loaded   100 rows from chunk_0099.csv
2026-02-21 10:18:05,245 [INFO]   Loaded   100 rows from chunk_0100.csv
2026-02-21 10:18:05,255 [INFO] Total rows before deduplication: 9,900
2026-02-21 10:18:05,275 [INFO] Duplicates removed : 4,810
2026-02-21 10:18:05,276 [INFO] Final record count : 5,090
2026-02-21 10:18:05,276 [INFO] Output saved to    : data\raw\mobile_data_raw.csv
