2026-02-21 03:32:43,278 [INFO] Loading 'data\processed\mobile_data_processed.csv' ...
2026-02-21 03:32:43,355 [INFO]   5,019 records loaded
2026-02-21 03:32:43,370 [INFO]   Feature matrix: (5019, 5)
2026-02-21 03:32:43,377 [INFO] Training Ridge Regression ...
2026-02-21 03:33:17,242 [INFO] Loading 'data\processed\mobile_data_processed.csv' ...
2026-02-21 03:33:17,253 [INFO]   5,019 records loaded
2026-02-21 03:33:17,259 [INFO]   Feature matrix: (5019, 5)
2026-02-21 03:33:17,260 [INFO] Training Ridge Regression ...
2026-02-21 03:33:17,263 [INFO]   Ridge Regression: MAE=47,582  RMSE=67,301  R²=0.3633
2026-02-21 03:33:17,264 [INFO] Training Random Forest ...
2026-02-21 03:33:17,461 [INFO]   Random Forest: MAE=35,791  RMSE=56,919  R²=0.5446
2026-02-21 03:33:17,461 [INFO] Training Gradient Boosting ...
2026-02-21 03:33:17,578 [INFO]   Gradient Boosting: MAE=37,181  RMSE=54,674  R²=0.5798
2026-02-21 03:33:17,833 [INFO] Plot saved: outputs\plots\actual_vs_predicted.png
2026-02-21 03:33:17,946 [INFO] Plot saved: outputs\plots\residuals.png
2026-02-21 03:33:18,021 [INFO] Plot saved: outputs\plots\feature_importance.png
2026-02-21 03:33:18,022 [INFO] Metrics saved to 'outputs\metrics\model_results.txt'
2026-02-21 09:38:39,491 [INFO] Loading 'data\processed\mobile_data_processed.csv' ...
2026-02-21 09:38:39,533 [INFO]   5,019 records loaded
2026-02-21 09:38:39,541 [INFO]   Feature matrix: (5019, 7)
2026-02-21 09:38:39,543 [INFO] Training Ridge Regression ...
2026-02-21 09:38:39,546 [INFO]   Ridge Regression: Original MAE=39,414  RMSE=61,449  R2=0.4692 (Log-R2=0.5535)
2026-02-21 09:38:39,546 [INFO] Training Random Forest ...
2026-02-21 09:38:39,731 [INFO]   Random Forest: Original MAE=29,484  RMSE=48,393  R2=0.6708 (Log-R2=0.6996)
2026-02-21 09:38:39,731 [INFO] Training XGBoost ...
2026-02-21 09:38:39,809 [INFO]   XGBoost: Original MAE=29,188  RMSE=46,612  R2=0.6946 (Log-R2=0.7335)
2026-02-21 09:38:39,809 [INFO] Training LightGBM ...
2026-02-21 09:38:41,852 [INFO]   LightGBM: Original MAE=29,311  RMSE=47,769  R2=0.6792 (Log-R2=0.7489)
2026-02-21 09:38:42,021 [INFO] Plot saved: outputs\plots\actual_vs_predicted.png
2026-02-21 09:38:42,126 [INFO] Plot saved: outputs\plots\residuals.png
2026-02-21 09:38:42,216 [INFO] Plot saved: outputs\plots\feature_importance.png
2026-02-21 09:38:42,217 [INFO] Metrics saved to 'outputs\metrics\model_results.txt'
2026-02-21 09:53:06,191 [INFO] Loading 'data\processed\mobile_data_processed.csv' ...
2026-02-21 09:53:06,241 [INFO]   5,019 records loaded
2026-02-21 09:53:06,246 [INFO]   Feature matrix: (5019, 7)
2026-02-21 09:53:06,248 [INFO] Training Ridge Regression ...
2026-02-21 09:53:06,251 [INFO]   Ridge Regression: Original MAE=39,414  RMSE=61,449  R2=0.4692 (Log-R2=0.5535)
2026-02-21 09:53:06,251 [INFO] Training Random Forest ...
2026-02-21 09:53:06,411 [INFO]   Random Forest: Original MAE=29,484  RMSE=48,393  R2=0.6708 (Log-R2=0.6996)
2026-02-21 09:53:06,412 [INFO] Training XGBoost ...
2026-02-21 09:53:06,471 [INFO]   XGBoost: Original MAE=29,188  RMSE=46,612  R2=0.6946 (Log-R2=0.7335)
2026-02-21 09:53:06,471 [INFO] Training LightGBM ...
2026-02-21 09:53:08,117 [INFO]   LightGBM: Original MAE=29,311  RMSE=47,769  R2=0.6792 (Log-R2=0.7489)
2026-02-21 09:53:08,284 [INFO] Plot saved: outputs\plots\actual_vs_predicted.png
2026-02-21 09:53:08,382 [INFO] Plot saved: outputs\plots\residuals.png
2026-02-21 09:53:08,486 [INFO] Plot saved: outputs\plots\feature_importance.png
2026-02-21 09:53:08,488 [INFO] Metrics saved to 'outputs\metrics\model_results.txt'
2026-02-21 10:22:26,615 [INFO] Loading 'data\processed\mobile_data_processed.csv' ...
2026-02-21 10:22:26,628 [INFO]   5,019 records loaded
2026-02-21 10:22:26,633 [INFO]   Feature matrix: (5019, 7)
2026-02-21 10:22:26,634 [INFO] Training Ridge Regression ...
2026-02-21 10:22:26,637 [INFO]   Ridge Regression: Original MAE=39,414  RMSE=61,449  R2=0.4692 (Log-R2=0.5535)
2026-02-21 10:22:26,637 [INFO] Training Random Forest ...
2026-02-21 10:22:26,824 [INFO]   Random Forest: Original MAE=29,484  RMSE=48,393  R2=0.6708 (Log-R2=0.6996)
2026-02-21 10:22:26,824 [INFO] Training XGBoost ...
2026-02-21 10:22:26,903 [INFO]   XGBoost: Original MAE=29,188  RMSE=46,612  R2=0.6946 (Log-R2=0.7335)
2026-02-21 10:22:26,903 [INFO] Training LightGBM ...
2026-02-21 10:22:28,607 [INFO]   LightGBM: Original MAE=29,311  RMSE=47,769  R2=0.6792 (Log-R2=0.7489)
2026-02-21 10:22:28,777 [INFO] Plot saved: outputs\plots\actual_vs_predicted.png
2026-02-21 10:22:28,885 [INFO] Plot saved: outputs\plots\residuals.png
2026-02-21 10:22:28,975 [INFO] Plot saved: outputs\plots\feature_importance.png
2026-02-21 10:22:28,976 [INFO] Metrics saved to 'outputs\metrics\model_results.txt'
2026-02-21 10:22:28,976 [INFO] Saving 'LightGBM' as the representative project model...
2026-02-21 10:22:28,986 [INFO] Model and encoders saved to 'outputs\models'
2026-02-21 11:07:53,183 [INFO] Loading 'data\processed\mobile_data_processed.csv' ...
2026-02-21 11:07:53,249 [INFO]   5,082 records loaded
2026-02-21 11:07:53,260 [INFO]   Feature matrix: (5082, 8)
2026-02-21 11:07:53,262 [INFO] Training Ridge Regression ...
2026-02-21 11:07:53,267 [INFO]   Ridge Regression: Original MAE=42,093  RMSE=64,007  R2=0.4342 (Log-R2=0.4940)
2026-02-21 11:07:53,267 [INFO] Training Random Forest ...
2026-02-21 11:07:53,466 [INFO]   Random Forest: Original MAE=13,733  RMSE=27,996  R2=0.8918 (Log-R2=0.8273)
2026-02-21 11:07:53,467 [INFO] Training XGBoost ...
2026-02-21 11:07:53,534 [INFO]   XGBoost: Original MAE=15,132  RMSE=27,307  R2=0.8970 (Log-R2=0.8370)
2026-02-21 11:07:53,534 [INFO] Training LightGBM ...
2026-02-21 11:07:55,376 [INFO]   LightGBM: Original MAE=16,491  RMSE=31,346  R2=0.8643 (Log-R2=0.8319)
2026-02-21 11:07:55,556 [INFO] Plot saved: outputs\plots\actual_vs_predicted.png
2026-02-21 11:07:55,663 [INFO] Plot saved: outputs\plots\residuals.png
2026-02-21 11:07:55,748 [INFO] Plot saved: outputs\plots\feature_importance.png
2026-02-21 11:07:55,748 [INFO] Metrics saved to 'outputs\metrics\model_results.txt'
2026-02-21 11:07:55,748 [INFO] Saving 'XGBoost' as the representative project model...
2026-02-21 11:07:55,755 [INFO] Model and encoders saved to 'outputs\models'
2026-02-21 11:36:20,048 [INFO] Loading 'data\processed\mobile_data_processed.csv' ...
2026-02-21 11:36:20,062 [INFO]   5,082 records loaded
2026-02-21 11:36:20,068 [INFO]   Feature matrix: (5082, 7)
2026-02-21 11:36:20,069 [INFO] Training Ridge Regression ...
2026-02-21 11:36:20,073 [INFO]   Ridge Regression: Original MAE=42,283  RMSE=64,432  R2=0.4267 (Log-R2=0.4922)
2026-02-21 11:36:20,073 [INFO] Training Random Forest ...
2026-02-21 11:36:20,263 [INFO]   Random Forest: Original MAE=13,764  RMSE=28,130  R2=0.8907 (Log-R2=0.8281)
2026-02-21 11:36:20,263 [INFO] Training XGBoost ...
2026-02-21 11:36:20,342 [INFO]   XGBoost: Original MAE=15,421  RMSE=28,412  R2=0.8885 (Log-R2=0.8360)
2026-02-21 11:36:20,342 [INFO] Training LightGBM ...
2026-02-21 11:36:22,063 [INFO]   LightGBM: Original MAE=16,137  RMSE=30,764  R2=0.8693 (Log-R2=0.8353)
2026-02-21 11:36:22,239 [INFO] Plot saved: outputs\plots\actual_vs_predicted.png
2026-02-21 11:36:22,373 [INFO] Plot saved: outputs\plots\residuals.png
2026-02-21 11:36:22,445 [INFO] Plot saved: outputs\plots\feature_importance.png
2026-02-21 11:36:22,445 [INFO] Metrics saved to 'outputs\metrics\model_results.txt'
2026-02-21 11:36:22,446 [INFO] Saving 'XGBoost' as the representative project model...
2026-02-21 11:36:22,454 [INFO] Model and encoders saved to 'outputs\models'
